<?xml version="1.0" encoding="UTF-8"?>
<!-- Generated by org.testng.reporters.JUnitReportReporter -->
<testsuite hostname="Moaazs-MBP" failures="0" tests="1" name="com.united.base.TestRunner" time="21.330" errors="0" timestamp="2021-12-14T10:12:06 EST" skipped="0">
  <testcase classname="com.united.base.TestRunner" name="runScenario" time="21.330"/>
  <system-out/>
</testsuite> <!-- com.united.base.TestRunner -->
